[2m4:33:27 PM[22m [33m[1m[vite][22m[39m [33mwarning: [33mThe character ">" is not valid inside a JSX element[33m
318|                  </p>
319|                  <p className="mt-1 text-lg font-semibold text-slate-900">
320|                    Morning -> Afternoon -> Evening
   |                             ^
321|                  </p>
322|                </div>
[39m
  Plugin: [35mvite:esbuild[39m
  File: [36mC:/Users/hp/Downloads/PlanX-main (1)/PlanX-main/frontend/src/components/ItineraryEditor.jsx[39m
[2m4:33:27 PM[22m [33m[1m[vite][22m[39m [33mwarning: [33mThe character ">" is not valid inside a JSX element[33m
318|                  </p>
319|                  <p className="mt-1 text-lg font-semibold text-slate-900">
320|                    Morning -> Afternoon -> Evening
   |                                          ^
321|                  </p>
322|                </div>
[39m
  Plugin: [35mvite:esbuild[39m
  File: [36mC:/Users/hp/Downloads/PlanX-main (1)/PlanX-main/frontend/src/components/ItineraryEditor.jsx[39m
^C^C