
> tripwise-frontend@1.0.0 dev
> vite

Port 5173 is in use, trying another one...

  [32m[1mVITE[22m v5.4.21[39m  [2mready in [0m[1m1128[22m[2m[0m ms[22m

  [32m➜[39m  [1mLocal[22m:   [36mhttp://localhost:[1m5174[22m/[39m
[2m  [32m➜[39m  [1mNetwork[22m[2m: use [22m[1m--host[22m[2m to expose[22m
[2m3:31:16 PM[22m [36m[1m[vite][22m[39m [32mhmr update [39m[2m/src/App.jsx, /src/index.css[22m
[2m3:31:37 PM[22m [36m[1m[vite][22m[39m [32mpage reload [39m[2mdist/index.html[22m
[2m3:34:11 PM[22m [36m[1m[vite][22m[39m [32mhmr update [39m[2m/src/App.jsx, /src/index.css[22m
[2m3:34:31 PM[22m [36m[1m[vite][22m[39m [32mpage reload [39m[2mdist/index.html[22m
[2m3:34:32 PM[22m [36m[1m[vite][22m[39m [32mpage reload [39m[2mdist/index.html[22m
[2m3:36:07 PM[22m [36m[1m[vite][22m[39m [32mhmr update [39m[2m/src/index.css, /src/App.jsx[22m
[2m3:36:25 PM[22m [36m[1m[vite][22m[39m [32mhmr update [39m[2m/src/App.jsx, /src/index.css[22m
[2m3:37:05 PM[22m [36m[1m[vite][22m[39m [32mpage reload [39m[2mdist/index.html[22m
[2m3:37:05 PM[22m [36m[1m[vite][22m[39m [32mpage reload [39m[2mdist/index.html[22m
[2m3:42:01 PM[22m [36m[1m[vite][22m[39m [32mhmr update [39m[2m/src/App.jsx, /src/index.css[22m
[2m3:42:56 PM[22m [36m[1m[vite][22m[39m [32mpage reload [39m[2mdist/index.html[22m
[2m3:42:56 PM[22m [36m[1m[vite][22m[39m [32mpage reload [39m[2mdist/index.html[22m
[2m3:57:37 PM[22m [36m[1m[vite][22m[39m [32mhmr update [39m[2m/src/App.jsx, /src/index.css[22m
[2m3:57:51 PM[22m [36m[1m[vite][22m[39m [32mhmr update [39m[2m/src/pages/MyTrips.jsx, /src/index.css[22m
[2m3:58:15 PM[22m [36m[1m[vite][22m[39m [32mpage reload [39m[2mdist/index.html[22m
[2m3:58:15 PM[22m [36m[1m[vite][22m[39m [32mpage reload [39m[2mdist/index.html[22m
[2m4:03:07 PM[22m [36m[1m[vite][22m[39m [32mhmr update [39m[2m/src/pages/PlanTrip.jsx, /src/index.css[22m
[2m4:04:00 PM[22m [36m[1m[vite][22m[39m [32mpage reload [39m[2mdist/index.html[22m
[2m4:04:00 PM[22m [36m[1m[vite][22m[39m [32mpage reload [39m[2mdist/index.html[22m
[2m4:06:26 PM[22m [36m[1m[vite][22m[39m [32mhmr update [39m[2m/src/pages/PlanTrip.jsx, /src/index.css[22m
[2m4:08:17 PM[22m [36m[1m[vite][22m[39m [32mpage reload [39m[2mdist/index.html[22m
[2m4:08:17 PM[22m [36m[1m[vite][22m[39m [32mpage reload [39m[2mdist/index.html[22m
[2m4:09:15 PM[22m [36m[1m[vite][22m[39m [32mhmr update [39m[2m/src/pages/PlanTrip.jsx, /src/index.css[22m
[2m4:17:50 PM[22m [36m[1m[vite][22m[39m [32mhmr update [39m[2m/src/components/ItineraryEditor.jsx, /src/index.css[22m
[2m4:18:04 PM[22m [36m[1m[vite][22m[39m [32mhmr update [39m[2m/src/components/TripWorkspace.jsx, /src/index.css[22m
[2m4:18:19 PM[22m [36m[1m[vite][22m[39m [32mpage reload [39m[2mdist/index.html[22m
[2m4:18:19 PM[22m [36m[1m[vite][22m[39m [32mpage reload [39m[2mdist/index.html[22m
[2m4:24:26 PM[22m [36m[1m[vite][22m[39m [32mhmr update [39m[2m/src/components/TripWorkspace.jsx, /src/index.css[22m
[2m4:24:30 PM[22m [36m[1m[vite][22m[39m [32mhmr update [39m[2m/src/index.css, /src/App.jsx, /src/pages/MyTrips.jsx[22m
[2m4:24:59 PM[22m [36m[1m[vite][22m[39m [32mpage reload [39m[2mdist/index.html[22m
[2m4:25:00 PM[22m [36m[1m[vite][22m[39m [32mpage reload [39m[2mdist/index.html[22m
[2m4:33:26 PM[22m [36m[1m[vite][22m[39m [32mhmr update [39m[2m/src/components/ItineraryEditor.jsx, /src/index.css[22m
[2m4:33:50 PM[22m [36m[1m[vite][22m[39m [32mhmr update [39m[2m/src/components/TripWorkspace.jsx, /src/index.css[22m
[2m4:34:11 PM[22m [36m[1m[vite][22m[39m [32mpage reload [39m[2mdist/index.html[22m
[2m4:34:11 PM[22m [36m[1m[vite][22m[39m [32mpage reload [39m[2mdist/index.html[22m
[2m4:34:19 PM[22m [36m[1m[vite][22m[39m [32mhmr update [39m[2m/src/components/ItineraryEditor.jsx, /src/index.css[22m
[2m4:34:38 PM[22m [36m[1m[vite][22m[39m [32mpage reload [39m[2mdist/index.html[22m
[2m4:34:39 PM[22m [36m[1m[vite][22m[39m [32mpage reload [39m[2mdist/index.html[22m
[2m4:37:29 PM[22m [36m[1m[vite][22m[39m [32mhmr update [39m[2m/src/components/ItineraryEditor.jsx, /src/index.css[22m
[2m4:37:34 PM[22m [36m[1m[vite][22m[39m [32mhmr update [39m[2m/src/components/TripWorkspace.jsx, /src/index.css[22m
[2m4:38:19 PM[22m [36m[1m[vite][22m[39m [32mpage reload [39m[2mdist/index.html[22m
[2m4:38:19 PM[22m [36m[1m[vite][22m[39m [32mpage reload [39m[2mdist/index.html[22m
[2m4:40:15 PM[22m [36m[1m[vite][22m[39m [32mhmr update [39m[2m/src/components/ItineraryEditor.jsx, /src/index.css[22m
[2m4:40:30 PM[22m [36m[1m[vite][22m[39m [32mpage reload [39m[2mdist/index.html[22m
[2m4:40:30 PM[22m [36m[1m[vite][22m[39m [32mpage reload [39m[2mdist/index.html[22m
[2m4:43:50 PM[22m [36m[1m[vite][22m[39m [32mhmr update [39m[2m/src/components/ItineraryEditor.jsx, /src/index.css[22m
[2m4:44:08 PM[22m [36m[1m[vite][22m[39m [32mpage reload [39m[2mdist/index.html[22m
[2m4:44:08 PM[22m [36m[1m[vite][22m[39m [32mpage reload [39m[2mdist/index.html[22m
[2m4:45:19 PM[22m [36m[1m[vite][22m[39m [32mhmr update [39m[2m/src/components/ItineraryEditor.jsx, /src/index.css[22m
[2m4:45:41 PM[22m [36m[1m[vite][22m[39m [32mpage reload [39m[2mdist/index.html[22m
[2m4:45:41 PM[22m [36m[1m[vite][22m[39m [32mpage reload [39m[2mdist/index.html[22m
[2m4:46:52 PM[22m [36m[1m[vite][22m[39m [32mhmr update [39m[2m/src/components/ItineraryEditor.jsx, /src/index.css[22m
[2m4:47:05 PM[22m [36m[1m[vite][22m[39m [32mhmr update [39m[2m/src/components/ItineraryEditor.jsx, /src/index.css[22m
[2m4:48:40 PM[22m [36m[1m[vite][22m[39m [32mpage reload [39m[2mdist/index.html[22m
[2m4:48:41 PM[22m [36m[1m[vite][22m[39m [32mpage reload [39m[2mdist/index.html[22m
[2m4:50:10 PM[22m [36m[1m[vite][22m[39m [32mhmr update [39m[2m/src/components/ItineraryEditor.jsx, /src/index.css[22m
[2m4:50:29 PM[22m [36m[1m[vite][22m[39m [32mpage reload [39m[2mdist/index.html[22m
[2m4:50:30 PM[22m [36m[1m[vite][22m[39m [32mpage reload [39m[2mdist/index.html[22m
[2m4:51:35 PM[22m [36m[1m[vite][22m[39m [32mhmr update [39m[2m/src/components/PlaceCard.jsx, /src/index.css[22m
[2m4:51:48 PM[22m [36m[1m[vite][22m[39m [32mhmr update [39m[2m/src/components/ItineraryEditor.jsx, /src/index.css[22m
[2m4:52:05 PM[22m [36m[1m[vite][22m[39m [32mpage reload [39m[2mdist/index.html[22m
[2m4:52:05 PM[22m [36m[1m[vite][22m[39m [32mpage reload [39m[2mdist/index.html[22m
