
> tripwise-backend@1.0.0 start
> node server.js

Server running on port 5000
TripWise startup debug {
  startedAt: '2026-03-16T17:21:10.068Z',
  envPath: 'C:\\Users\\hp\\Downloads\\PlanX-main (1)\\PlanX-main\\backend\\.env',
  port: '5000',
  openTripMapConfigured: true,
  openTripMapKeyPreview: '5ae2...3818 (len=56)',
  geoapifyConfigured: true,
  geoapifyKeyPreview: '9d97...7fc7 (len=32)',
  routes: [
    'GET /',
    'GET /api/places',
    'POST /api/places',
    'POST /api/travel/route',
    'POST /api/travel/optimize',
    'POST /api/travel/auto-plan',
    'GET /api/travel/weather',
    'POST /api/trips',
    'GET /api/trips',
    'GET /api/trips/:id'
  ]
}
OpenTripMap geoname request {
  url: 'https://api.opentripmap.com/0.1/en/places/geoname',
  city: 'Chennai',
  apiKeyPreview: '5ae2...3818 (len=56)'
}
OpenTripMap coordinates fetched { city: 'Chennai', latitude: 13.08784, longitude: 80.27847 }
OpenTripMap radius request {
  url: 'https://api.opentripmap.com/0.1/en/places/radius',
  latitude: 13.08784,
  longitude: 80.27847,
  radius: 10000,
  limit: 20
}
Geoapify places request {
  url: 'https://api.geoapify.com/v2/places',
  latitude: 13.08784,
  longitude: 80.27847,
  categories: 'catering.restaurant,catering.cafe,tourism.sights,entertainment.museum,leisure.park',
  limit: 20,
  apiKeyPreview: '9d97...7fc7 (len=32)'
}
OpenTripMap attractions fetched { count: 20 }
Geoapify places fetched { count: 20 }
Geoapify routing request {
  url: 'https://api.geoapify.com/v1/routing',
  waypointCount: 9,
  waypoints: '80.27818298339844,13.088214874267578|80.27485656738281,13.08655071258545|80.27558898925781,13.082448959350586|80.27760314941406,13.082523345947266|80.2726821899414,13.081962585449219|80.2699966430664,13.08388900756836|80.2699966430664,13.08388900756836|80.27018737792969,13.084656715393066|80.274169921875,13.09129810333252',
  apiKeyPreview: '9d97...7fc7 (len=32)'
}
Geoapify routing request {
  url: 'https://api.geoapify.com/v1/routing',
  waypointCount: 9,
  waypoints: '80.27818298339844,13.088214874267578|80.27485656738281,13.08655071258545|80.27558898925781,13.082448959350586|80.27760314941406,13.082523345947266|80.2726821899414,13.081962585449219|80.2699966430664,13.08388900756836|80.2699966430664,13.08388900756836|80.27018737792969,13.084656715393066|80.274169921875,13.09129810333252',
  apiKeyPreview: '9d97...7fc7 (len=32)'
}
Open-Meteo forecast request {
  url: 'https://api.open-meteo.com/v1/forecast',
  latitude: 13.08784,
  longitude: 80.27847,
  days: 3
}
Open-Meteo forecast request {
  url: 'https://api.open-meteo.com/v1/forecast',
  latitude: 13.08784,
  longitude: 80.27847,
  days: 3
}
Geoapify routing request {
  url: 'https://api.geoapify.com/v1/routing',
  waypointCount: 10,
  waypoints: '80.27818298339844,13.088214874267578|80.27760314941406,13.082523345947266|80.27485656738281,13.08655071258545|80.27558898925781,13.082448959350586|80.27760314941406,13.082523345947266|80.2726821899414,13.081962585449219|80.2699966430664,13.08388900756836|80.2699966430664,13.08388900756836|80.27018737792969,13.084656715393066|80.274169921875,13.09129810333252',
  apiKeyPreview: '9d97...7fc7 (len=32)'
}
Open-Meteo forecast request {
  url: 'https://api.open-meteo.com/v1/forecast',
  latitude: 13.08784,
  longitude: 80.27847,
  days: 3
}
Geoapify routing request {
  url: 'https://api.geoapify.com/v1/routing',
  waypointCount: 9,
  waypoints: '80.27818298339844,13.088214874267578|80.27485656738281,13.08655071258545|80.27558898925781,13.082448959350586|80.27760314941406,13.082523345947266|80.2726821899414,13.081962585449219|80.2699966430664,13.08388900756836|80.2699966430664,13.08388900756836|80.27018737792969,13.084656715393066|80.274169921875,13.09129810333252',
  apiKeyPreview: '9d97...7fc7 (len=32)'
}
Geoapify routing request {
  url: 'https://api.geoapify.com/v1/routing',
  waypointCount: 9,
  waypoints: '80.27818298339844,13.088214874267578|80.27485656738281,13.08655071258545|80.27558898925781,13.082448959350586|80.27760314941406,13.082523345947266|80.2726821899414,13.081962585449219|80.2699966430664,13.08388900756836|80.2699966430664,13.08388900756836|80.27018737792969,13.084656715393066|80.274169921875,13.09129810333252',
  apiKeyPreview: '9d97...7fc7 (len=32)'
}
Open-Meteo forecast request {
  url: 'https://api.open-meteo.com/v1/forecast',
  latitude: 13.08784,
  longitude: 80.27847,
  days: 3
}
Geoapify routing request {
  url: 'https://api.geoapify.com/v1/routing',
  waypointCount: 10,
  waypoints: '80.27818298339844,13.088214874267578|80.2699966430664,13.08388900756836|80.27485656738281,13.08655071258545|80.27558898925781,13.082448959350586|80.27760314941406,13.082523345947266|80.2726821899414,13.081962585449219|80.2699966430664,13.08388900756836|80.2699966430664,13.08388900756836|80.27018737792969,13.084656715393066|80.274169921875,13.09129810333252',
  apiKeyPreview: '9d97...7fc7 (len=32)'
}
Geoapify routing request {
  url: 'https://api.geoapify.com/v1/routing',
  waypointCount: 9,
  waypoints: '80.27818298339844,13.088214874267578|80.27485656738281,13.08655071258545|80.27558898925781,13.082448959350586|80.27760314941406,13.082523345947266|80.2726821899414,13.081962585449219|80.2699966430664,13.08388900756836|80.2699966430664,13.08388900756836|80.27018737792969,13.084656715393066|80.274169921875,13.09129810333252',
  apiKeyPreview: '9d97...7fc7 (len=32)'
}
Open-Meteo forecast request {
  url: 'https://api.open-meteo.com/v1/forecast',
  latitude: 13.08784,
  longitude: 80.27847,
  days: 3
}
Geoapify routing request {
  url: 'https://api.geoapify.com/v1/routing',
  waypointCount: 9,
  waypoints: '80.27818298339844,13.088214874267578|80.27485656738281,13.08655071258545|80.27558898925781,13.082448959350586|80.27760314941406,13.082523345947266|80.2726821899414,13.081962585449219|80.2699966430664,13.08388900756836|80.2699966430664,13.08388900756836|80.27018737792969,13.084656715393066|80.274169921875,13.09129810333252',
  apiKeyPreview: '9d97...7fc7 (len=32)'
}
Open-Meteo forecast request {
  url: 'https://api.open-meteo.com/v1/forecast',
  latitude: 13.08784,
  longitude: 80.27847,
  days: 3
}
Geoapify routing request {
  url: 'https://api.geoapify.com/v1/routing',
  waypointCount: 10,
  waypoints: '80.27818298339844,13.088214874267578|80.2699966430664,13.08388900756836|80.27485656738281,13.08655071258545|80.27558898925781,13.082448959350586|80.27760314941406,13.082523345947266|80.2726821899414,13.081962585449219|80.2699966430664,13.08388900756836|80.2699966430664,13.08388900756836|80.27018737792969,13.084656715393066|80.274169921875,13.09129810333252',
  apiKeyPreview: '9d97...7fc7 (len=32)'
}
OpenTripMap geoname request {
  url: 'https://api.opentripmap.com/0.1/en/places/geoname',
  city: 'Chennai',
  apiKeyPreview: '5ae2...3818 (len=56)'
}
OpenTripMap coordinates fetched { city: 'Chennai', latitude: 13.08784, longitude: 80.27847 }
OpenTripMap radius request {
  url: 'https://api.opentripmap.com/0.1/en/places/radius',
  latitude: 13.08784,
  longitude: 80.27847,
  radius: 10000,
  limit: 20
}
Geoapify places request {
  url: 'https://api.geoapify.com/v2/places',
  latitude: 13.08784,
  longitude: 80.27847,
  categories: 'catering.restaurant,catering.cafe,tourism.sights,entertainment.museum,leisure.park',
  limit: 20,
  apiKeyPreview: '9d97...7fc7 (len=32)'
}
OpenTripMap attractions fetched { count: 20 }
Geoapify places fetched { count: 20 }
Open-Meteo forecast request {
  url: 'https://api.open-meteo.com/v1/forecast',
  latitude: 13.08784,
  longitude: 80.27847,
  days: 3
}
Geoapify routing request {
  url: 'https://api.geoapify.com/v1/routing',
  waypointCount: 9,
  waypoints: '80.27818298339844,13.088214874267578|80.27485656738281,13.08655071258545|80.27558898925781,13.082448959350586|80.27760314941406,13.082523345947266|80.2726821899414,13.081962585449219|80.2699966430664,13.08388900756836|80.2699966430664,13.08388900756836|80.27018737792969,13.084656715393066|80.274169921875,13.09129810333252',
  apiKeyPreview: '9d97...7fc7 (len=32)'
}
Geoapify routing request {
  url: 'https://api.geoapify.com/v1/routing',
  waypointCount: 9,
  waypoints: '80.27818298339844,13.088214874267578|80.27485656738281,13.08655071258545|80.27558898925781,13.082448959350586|80.27760314941406,13.082523345947266|80.2726821899414,13.081962585449219|80.2699966430664,13.08388900756836|80.2699966430664,13.08388900756836|80.27018737792969,13.084656715393066|80.274169921875,13.09129810333252',
  apiKeyPreview: '9d97...7fc7 (len=32)'
}
Open-Meteo forecast request {
  url: 'https://api.open-meteo.com/v1/forecast',
  latitude: 13.08784,
  longitude: 80.27847,
  days: 3
}
Geoapify routing request {
  url: 'https://api.geoapify.com/v1/routing',
  waypointCount: 10,
  waypoints: '80.27818298339844,13.088214874267578|80.27018737792969,13.084656715393066|80.27485656738281,13.08655071258545|80.27558898925781,13.082448959350586|80.27760314941406,13.082523345947266|80.2726821899414,13.081962585449219|80.2699966430664,13.08388900756836|80.2699966430664,13.08388900756836|80.27018737792969,13.084656715393066|80.274169921875,13.09129810333252',
  apiKeyPreview: '9d97...7fc7 (len=32)'
}
Geoapify routing request {
  url: 'https://api.geoapify.com/v1/routing',
  waypointCount: 9,
  waypoints: '80.27818298339844,13.088214874267578|80.27485656738281,13.08655071258545|80.27558898925781,13.082448959350586|80.27760314941406,13.082523345947266|80.2726821899414,13.081962585449219|80.2699966430664,13.08388900756836|80.2699966430664,13.08388900756836|80.27018737792969,13.084656715393066|80.274169921875,13.09129810333252',
  apiKeyPreview: '9d97...7fc7 (len=32)'
}
Open-Meteo forecast request {
  url: 'https://api.open-meteo.com/v1/forecast',
  latitude: 13.08784,
  longitude: 80.27847,
  days: 3
}
Geoapify routing request {
  url: 'https://api.geoapify.com/v1/routing',
  waypointCount: 9,
  waypoints: '80.27818298339844,13.088214874267578|80.27485656738281,13.08655071258545|80.27558898925781,13.082448959350586|80.27760314941406,13.082523345947266|80.2726821899414,13.081962585449219|80.2699966430664,13.08388900756836|80.2699966430664,13.08388900756836|80.27018737792969,13.084656715393066|80.274169921875,13.09129810333252',
  apiKeyPreview: '9d97...7fc7 (len=32)'
}
Open-Meteo forecast request {
  url: 'https://api.open-meteo.com/v1/forecast',
  latitude: 13.08784,
  longitude: 80.27847,
  days: 3
}
Geoapify routing request {
  url: 'https://api.geoapify.com/v1/routing',
  waypointCount: 9,
  waypoints: '80.27818298339844,13.088214874267578|80.27485656738281,13.08655071258545|80.27558898925781,13.082448959350586|80.27760314941406,13.082523345947266|80.2726821899414,13.081962585449219|80.2699966430664,13.08388900756836|80.2699966430664,13.08388900756836|80.27018737792969,13.084656715393066|80.274169921875,13.09129810333252',
  apiKeyPreview: '9d97...7fc7 (len=32)'
}
Geoapify routing request {
  url: 'https://api.geoapify.com/v1/routing',
  waypointCount: 9,
  waypoints: '80.27818298339844,13.088214874267578|80.27485656738281,13.08655071258545|80.27558898925781,13.082448959350586|80.27760314941406,13.082523345947266|80.2726821899414,13.081962585449219|80.2699966430664,13.08388900756836|80.2699966430664,13.08388900756836|80.27018737792969,13.084656715393066|80.274169921875,13.09129810333252',
  apiKeyPreview: '9d97...7fc7 (len=32)'
}
Geoapify routing request {
  url: 'https://api.geoapify.com/v1/routing',
  waypointCount: 9,
  waypoints: '80.27818298339844,13.088214874267578|80.27485656738281,13.08655071258545|80.27558898925781,13.082448959350586|80.27760314941406,13.082523345947266|80.2726821899414,13.081962585449219|80.2699966430664,13.08388900756836|80.2699966430664,13.08388900756836|80.27018737792969,13.084656715393066|80.274169921875,13.09129810333252',
  apiKeyPreview: '9d97...7fc7 (len=32)'
}
Geoapify routing request {
  url: 'https://api.geoapify.com/v1/routing',
  waypointCount: 9,
  waypoints: '80.27818298339844,13.088214874267578|80.27485656738281,13.08655071258545|80.27558898925781,13.082448959350586|80.27760314941406,13.082523345947266|80.2726821899414,13.081962585449219|80.2699966430664,13.08388900756836|80.2699966430664,13.08388900756836|80.27018737792969,13.084656715393066|80.274169921875,13.09129810333252',
  apiKeyPreview: '9d97...7fc7 (len=32)'
}
Geoapify routing request {
  url: 'https://api.geoapify.com/v1/routing',
  waypointCount: 9,
  waypoints: '80.27818298339844,13.088214874267578|80.27485656738281,13.08655071258545|80.27558898925781,13.082448959350586|80.27760314941406,13.082523345947266|80.2726821899414,13.081962585449219|80.2699966430664,13.08388900756836|80.2699966430664,13.08388900756836|80.27018737792969,13.084656715393066|80.274169921875,13.09129810333252',
  apiKeyPreview: '9d97...7fc7 (len=32)'
}
Geoapify routing request {
  url: 'https://api.geoapify.com/v1/routing',
  waypointCount: 9,
  waypoints: '80.27818298339844,13.088214874267578|80.27485656738281,13.08655071258545|80.27558898925781,13.082448959350586|80.27760314941406,13.082523345947266|80.2726821899414,13.081962585449219|80.2699966430664,13.08388900756836|80.2699966430664,13.08388900756836|80.27018737792969,13.084656715393066|80.274169921875,13.09129810333252',
  apiKeyPreview: '9d97...7fc7 (len=32)'
}
Geoapify routing request {
  url: 'https://api.geoapify.com/v1/routing',
  waypointCount: 9,
  waypoints: '80.27818298339844,13.088214874267578|80.27485656738281,13.08655071258545|80.27558898925781,13.082448959350586|80.27760314941406,13.082523345947266|80.2726821899414,13.081962585449219|80.2699966430664,13.08388900756836|80.2699966430664,13.08388900756836|80.27018737792969,13.084656715393066|80.274169921875,13.09129810333252',
  apiKeyPreview: '9d97...7fc7 (len=32)'
}
Geoapify routing request {
  url: 'https://api.geoapify.com/v1/routing',
  waypointCount: 9,
  waypoints: '80.27818298339844,13.088214874267578|80.27485656738281,13.08655071258545|80.27558898925781,13.082448959350586|80.27760314941406,13.082523345947266|80.2726821899414,13.081962585449219|80.2699966430664,13.08388900756836|80.2699966430664,13.08388900756836|80.27018737792969,13.084656715393066|80.274169921875,13.09129810333252',
  apiKeyPreview: '9d97...7fc7 (len=32)'
}
Geoapify routing request {
  url: 'https://api.geoapify.com/v1/routing',
  waypointCount: 9,
  waypoints: '80.27818298339844,13.088214874267578|80.27485656738281,13.08655071258545|80.27558898925781,13.082448959350586|80.27760314941406,13.082523345947266|80.2726821899414,13.081962585449219|80.2699966430664,13.08388900756836|80.2699966430664,13.08388900756836|80.27018737792969,13.084656715393066|80.274169921875,13.09129810333252',
  apiKeyPreview: '9d97...7fc7 (len=32)'
}
OpenTripMap geoname request {
  url: 'https://api.opentripmap.com/0.1/en/places/geoname',
  city: 'Goa',
  apiKeyPreview: '5ae2...3818 (len=56)'
}
OpenTripMap coordinates fetched { city: 'Goa', latitude: 15.49574, longitude: 73.82624 }
OpenTripMap radius request {
  url: 'https://api.opentripmap.com/0.1/en/places/radius',
  latitude: 15.49574,
  longitude: 73.82624,
  radius: 10000,
  limit: 20
}
Geoapify places request {
  url: 'https://api.geoapify.com/v2/places',
  latitude: 15.49574,
  longitude: 73.82624,
  categories: 'catering.restaurant,catering.cafe,tourism.sights,entertainment.museum,leisure.park',
  limit: 20,
  apiKeyPreview: '9d97...7fc7 (len=32)'
}
OpenTripMap attractions fetched { count: 20 }
Geoapify places fetched { count: 20 }
OpenTripMap geoname request {
  url: 'https://api.opentripmap.com/0.1/en/places/geoname',
  city: 'Goa',
  apiKeyPreview: '5ae2...3818 (len=56)'
}
OpenTripMap coordinates fetched { city: 'Goa', latitude: 15.49574, longitude: 73.82624 }
OpenTripMap radius request {
  url: 'https://api.opentripmap.com/0.1/en/places/radius',
  latitude: 15.49574,
  longitude: 73.82624,
  radius: 10000,
  limit: 20
}
Geoapify places request {
  url: 'https://api.geoapify.com/v2/places',
  latitude: 15.49574,
  longitude: 73.82624,
  categories: 'catering.restaurant,catering.cafe,tourism.sights,entertainment.museum,leisure.park',
  limit: 20,
  apiKeyPreview: '9d97...7fc7 (len=32)'
}
OpenTripMap attractions fetched { count: 20 }
Geoapify places fetched { count: 20 }
Geoapify routing request {
  url: 'https://api.geoapify.com/v1/routing',
  waypointCount: 9,
  waypoints: '80.27818298339844,13.088214874267578|80.27485656738281,13.08655071258545|80.27558898925781,13.082448959350586|80.27760314941406,13.082523345947266|80.2726821899414,13.081962585449219|80.2699966430664,13.08388900756836|80.2699966430664,13.08388900756836|80.27018737792969,13.084656715393066|80.274169921875,13.09129810333252',
  apiKeyPreview: '9d97...7fc7 (len=32)'
}
Geoapify routing request {
  url: 'https://api.geoapify.com/v1/routing',
  waypointCount: 9,
  waypoints: '80.27818298339844,13.088214874267578|80.27485656738281,13.08655071258545|80.27558898925781,13.082448959350586|80.27760314941406,13.082523345947266|80.2726821899414,13.081962585449219|80.2699966430664,13.08388900756836|80.2699966430664,13.08388900756836|80.27018737792969,13.084656715393066|80.274169921875,13.09129810333252',
  apiKeyPreview: '9d97...7fc7 (len=32)'
}
Geoapify routing request {
  url: 'https://api.geoapify.com/v1/routing',
  waypointCount: 9,
  waypoints: '80.27818298339844,13.088214874267578|80.27485656738281,13.08655071258545|80.27558898925781,13.082448959350586|80.27760314941406,13.082523345947266|80.2726821899414,13.081962585449219|80.2699966430664,13.08388900756836|80.2699966430664,13.08388900756836|80.27018737792969,13.084656715393066|80.274169921875,13.09129810333252',
  apiKeyPreview: '9d97...7fc7 (len=32)'
}
Geoapify routing request {
  url: 'https://api.geoapify.com/v1/routing',
  waypointCount: 9,
  waypoints: '80.27818298339844,13.088214874267578|80.27485656738281,13.08655071258545|80.27558898925781,13.082448959350586|80.27760314941406,13.082523345947266|80.2726821899414,13.081962585449219|80.2699966430664,13.08388900756836|80.2699966430664,13.08388900756836|80.27018737792969,13.084656715393066|80.274169921875,13.09129810333252',
  apiKeyPreview: '9d97...7fc7 (len=32)'
}
Geoapify routing request {
  url: 'https://api.geoapify.com/v1/routing',
  waypointCount: 9,
  waypoints: '80.27818298339844,13.088214874267578|80.27485656738281,13.08655071258545|80.27558898925781,13.082448959350586|80.27760314941406,13.082523345947266|80.2726821899414,13.081962585449219|80.2699966430664,13.08388900756836|80.2699966430664,13.08388900756836|80.27018737792969,13.084656715393066|80.274169921875,13.09129810333252',
  apiKeyPreview: '9d97...7fc7 (len=32)'
}
Geoapify routing request {
  url: 'https://api.geoapify.com/v1/routing',
  waypointCount: 9,
  waypoints: '80.27818298339844,13.088214874267578|80.27485656738281,13.08655071258545|80.27558898925781,13.082448959350586|80.27760314941406,13.082523345947266|80.2726821899414,13.081962585449219|80.2699966430664,13.08388900756836|80.2699966430664,13.08388900756836|80.27018737792969,13.084656715393066|80.274169921875,13.09129810333252',
  apiKeyPreview: '9d97...7fc7 (len=32)'
}
Geoapify routing request {
  url: 'https://api.geoapify.com/v1/routing',
  waypointCount: 9,
  waypoints: '80.27818298339844,13.088214874267578|80.27485656738281,13.08655071258545|80.27558898925781,13.082448959350586|80.27760314941406,13.082523345947266|80.2726821899414,13.081962585449219|80.2699966430664,13.08388900756836|80.2699966430664,13.08388900756836|80.27018737792969,13.084656715393066|80.274169921875,13.09129810333252',
  apiKeyPreview: '9d97...7fc7 (len=32)'
}
Geoapify routing request {
  url: 'https://api.geoapify.com/v1/routing',
  waypointCount: 9,
  waypoints: '80.27818298339844,13.088214874267578|80.27485656738281,13.08655071258545|80.27558898925781,13.082448959350586|80.27760314941406,13.082523345947266|80.2726821899414,13.081962585449219|80.2699966430664,13.08388900756836|80.2699966430664,13.08388900756836|80.27018737792969,13.084656715393066|80.274169921875,13.09129810333252',
  apiKeyPreview: '9d97...7fc7 (len=32)'
}
Geoapify routing request {
  url: 'https://api.geoapify.com/v1/routing',
  waypointCount: 9,
  waypoints: '80.27818298339844,13.088214874267578|80.27485656738281,13.08655071258545|80.27558898925781,13.082448959350586|80.27760314941406,13.082523345947266|80.2726821899414,13.081962585449219|80.2699966430664,13.08388900756836|80.2699966430664,13.08388900756836|80.27018737792969,13.084656715393066|80.274169921875,13.09129810333252',
  apiKeyPreview: '9d97...7fc7 (len=32)'
}
Geoapify routing request {
  url: 'https://api.geoapify.com/v1/routing',
  waypointCount: 9,
  waypoints: '80.27818298339844,13.088214874267578|80.27485656738281,13.08655071258545|80.27558898925781,13.082448959350586|80.27760314941406,13.082523345947266|80.2726821899414,13.081962585449219|80.2699966430664,13.08388900756836|80.2699966430664,13.08388900756836|80.27018737792969,13.084656715393066|80.274169921875,13.09129810333252',
  apiKeyPreview: '9d97...7fc7 (len=32)'
}
Geoapify routing request {
  url: 'https://api.geoapify.com/v1/routing',
  waypointCount: 9,
  waypoints: '80.27818298339844,13.088214874267578|80.27485656738281,13.08655071258545|80.27558898925781,13.082448959350586|80.27760314941406,13.082523345947266|80.2726821899414,13.081962585449219|80.2699966430664,13.08388900756836|80.2699966430664,13.08388900756836|80.27018737792969,13.084656715393066|80.274169921875,13.09129810333252',
  apiKeyPreview: '9d97...7fc7 (len=32)'
}
Geoapify routing request {
  url: 'https://api.geoapify.com/v1/routing',
  waypointCount: 9,
  waypoints: '80.27818298339844,13.088214874267578|80.27485656738281,13.08655071258545|80.27558898925781,13.082448959350586|80.27760314941406,13.082523345947266|80.2726821899414,13.081962585449219|80.2699966430664,13.08388900756836|80.2699966430664,13.08388900756836|80.27018737792969,13.084656715393066|80.274169921875,13.09129810333252',
  apiKeyPreview: '9d97...7fc7 (len=32)'
}
Geoapify routing request {
  url: 'https://api.geoapify.com/v1/routing',
  waypointCount: 9,
  waypoints: '80.27818298339844,13.088214874267578|80.27485656738281,13.08655071258545|80.27558898925781,13.082448959350586|80.27760314941406,13.082523345947266|80.2726821899414,13.081962585449219|80.2699966430664,13.08388900756836|80.2699966430664,13.08388900756836|80.27018737792969,13.084656715393066|80.274169921875,13.09129810333252',
  apiKeyPreview: '9d97...7fc7 (len=32)'
}
Geoapify routing request {
  url: 'https://api.geoapify.com/v1/routing',
  waypointCount: 9,
  waypoints: '80.27818298339844,13.088214874267578|80.27485656738281,13.08655071258545|80.27558898925781,13.082448959350586|80.27760314941406,13.082523345947266|80.2726821899414,13.081962585449219|80.2699966430664,13.08388900756836|80.2699966430664,13.08388900756836|80.27018737792969,13.084656715393066|80.274169921875,13.09129810333252',
  apiKeyPreview: '9d97...7fc7 (len=32)'
}
Geoapify routing request {
  url: 'https://api.geoapify.com/v1/routing',
  waypointCount: 9,
  waypoints: '80.27818298339844,13.088214874267578|80.27485656738281,13.08655071258545|80.27558898925781,13.082448959350586|80.27760314941406,13.082523345947266|80.2726821899414,13.081962585449219|80.2699966430664,13.08388900756836|80.2699966430664,13.08388900756836|80.27018737792969,13.084656715393066|80.274169921875,13.09129810333252',
  apiKeyPreview: '9d97...7fc7 (len=32)'
}
OpenTripMap geoname request {
  url: 'https://api.opentripmap.com/0.1/en/places/geoname',
  city: 'Bengaluru',
  apiKeyPreview: '5ae2...3818 (len=56)'
}
OpenTripMap coordinates fetched { city: 'Bengaluru', latitude: 12.97194, longitude: 77.59369 }
OpenTripMap radius request {
  url: 'https://api.opentripmap.com/0.1/en/places/radius',
  latitude: 12.97194,
  longitude: 77.59369,
  radius: 10000,
  limit: 20
}
Geoapify places request {
  url: 'https://api.geoapify.com/v2/places',
  latitude: 12.97194,
  longitude: 77.59369,
  categories: 'catering.restaurant,catering.cafe,tourism.sights,entertainment.museum,leisure.park',
  limit: 20,
  apiKeyPreview: '9d97...7fc7 (len=32)'
}
OpenTripMap attractions fetched { count: 20 }
Geoapify places fetched { count: 20 }
Geoapify routing request {
  url: 'https://api.geoapify.com/v1/routing',
  waypointCount: 9,
  waypoints: '77.59220123291016,12.974225997924805|77.59090423583984,12.975496292114258|77.59033966064453,12.97353744506836|77.58625793457031,12.972545623779297|77.58712005615234,12.967342376708984|77.58782958984375,12.967157363891602|77.58789825439453,12.967405319213867|77.58318328857422,12.965520858764648|77.58892059326172,12.978938102722168',
  apiKeyPreview: '9d97...7fc7 (len=32)'
}
Open-Meteo forecast request {
  url: 'https://api.open-meteo.com/v1/forecast',
  latitude: 12.97194,
  longitude: 77.59369,
  days: 3
}
Geoapify routing request {
  url: 'https://api.geoapify.com/v1/routing',
  waypointCount: 9,
  waypoints: '77.59220123291016,12.974225997924805|77.59090423583984,12.975496292114258|77.59033966064453,12.97353744506836|77.58625793457031,12.972545623779297|77.58712005615234,12.967342376708984|77.58782958984375,12.967157363891602|77.58789825439453,12.967405319213867|77.58318328857422,12.965520858764648|77.58892059326172,12.978938102722168',
  apiKeyPreview: '9d97...7fc7 (len=32)'
}
Open-Meteo forecast request {
  url: 'https://api.open-meteo.com/v1/forecast',
  latitude: 12.97194,
  longitude: 77.59369,
  days: 3
}
