
> tripwise-frontend@1.0.0 dev
> vite


  [32m[1mVITE[22m v5.4.21[39m  [2mready in [0m[1m963[22m[2m[0m ms[22m

  [32m➜[39m  [1mLocal[22m:   [36mhttp://localhost:[1m5173[22m/[39m
[2m  [32m➜[39m  [1mNetwork[22m[2m: use [22m[1m--host[22m[2m to expose[22m
[2m11:05:48 PM[22m [36m[1m[vite][22m[39m [32mhmr update [39m[2m/src/components/PlaceCard.jsx, /src/index.css[22m
[2m11:06:27 PM[22m [36m[1m[vite][22m[39m [32mpage reload [39m[2mdist/index.html[22m
[2m11:06:27 PM[22m [36m[1m[vite][22m[39m [32mpage reload [39m[2mdist/index.html[22m
[2m11:07:29 PM[22m [36m[1m[vite][22m[39m [32mhmr update [39m[2m/src/components/PlaceCard.jsx, /src/index.css[22m
[2m11:07:41 PM[22m [36m[1m[vite][22m[39m [32mpage reload [39m[2mdist/index.html[22m
[2m11:07:42 PM[22m [36m[1m[vite][22m[39m [32mpage reload [39m[2mdist/index.html[22m
[2m11:12:05 PM[22m [36m[1m[vite][22m[39m [32mhmr update [39m[2m/src/components/PlaceCard.jsx, /src/index.css[22m
[2m11:12:16 PM[22m [36m[1m[vite][22m[39m [32mpage reload [39m[2mdist/index.html[22m
[2m11:12:16 PM[22m [36m[1m[vite][22m[39m [32mpage reload [39m[2mdist/index.html[22m
[2m11:13:36 PM[22m [36m[1m[vite][22m[39m [32mhmr update [39m[2m/src/components/PlaceCard.jsx, /src/index.css[22m
[2m11:13:46 PM[22m [36m[1m[vite][22m[39m [32mhmr update [39m[2m/src/components/ItineraryEditor.jsx, /src/index.css[22m
[2m11:14:02 PM[22m [36m[1m[vite][22m[39m [32mpage reload [39m[2mdist/index.html[22m
[2m11:14:03 PM[22m [36m[1m[vite][22m[39m [32mpage reload [39m[2mdist/index.html[22m
[2m11:16:05 PM[22m [36m[1m[vite][22m[39m [32mhmr update [39m[2m/src/components/PlaceCard.jsx, /src/index.css[22m
[2m11:16:25 PM[22m [36m[1m[vite][22m[39m [32mhmr update [39m[2m/src/components/ItineraryEditor.jsx, /src/index.css[22m
[2m11:16:40 PM[22m [36m[1m[vite][22m[39m [32mpage reload [39m[2mdist/index.html[22m
[2m11:16:41 PM[22m [36m[1m[vite][22m[39m [32mpage reload [39m[2mdist/index.html[22m
[2m11:19:24 PM[22m [36m[1m[vite][22m[39m [32mhmr update [39m[2m/src/components/ItineraryEditor.jsx, /src/index.css[22m
[2m11:19:40 PM[22m [36m[1m[vite][22m[39m [32mpage reload [39m[2mdist/index.html[22m
[2m11:19:41 PM[22m [36m[1m[vite][22m[39m [32mpage reload [39m[2mdist/index.html[22m
[2m11:23:33 PM[22m [36m[1m[vite][22m[39m [32mhmr update [39m[2m/src/components/ItineraryEditor.jsx, /src/index.css[22m
[2m11:23:43 PM[22m [36m[1m[vite][22m[39m [32mpage reload [39m[2mdist/index.html[22m
[2m11:23:43 PM[22m [36m[1m[vite][22m[39m [32mpage reload [39m[2mdist/index.html[22m
[2m11:25:41 PM[22m [36m[1m[vite][22m[39m [32mhmr update [39m[2m/src/components/PlaceCard.jsx, /src/index.css[22m
[2m11:25:53 PM[22m [36m[1m[vite][22m[39m [32mpage reload [39m[2mdist/index.html[22m
[2m11:25:54 PM[22m [36m[1m[vite][22m[39m [32mpage reload [39m[2mdist/index.html[22m
[2m11:29:08 PM[22m [36m[1m[vite][22m[39m [32mhmr update [39m[2m/src/components/PlaceCard.jsx, /src/index.css[22m
[2m11:29:25 PM[22m [36m[1m[vite][22m[39m [32mpage reload [39m[2mdist/index.html[22m
[2m11:29:26 PM[22m [36m[1m[vite][22m[39m [32mpage reload [39m[2mdist/index.html[22m
[2m11:31:27 PM[22m [36m[1m[vite][22m[39m [32mhmr update [39m[2m/src/components/PlaceCard.jsx, /src/index.css[22m
[2m11:31:35 PM[22m [36m[1m[vite][22m[39m [32mhmr update [39m[2m/src/components/ItineraryEditor.jsx, /src/index.css[22m
[2m11:31:46 PM[22m [36m[1m[vite][22m[39m [32mpage reload [39m[2mdist/index.html[22m
[2m11:31:47 PM[22m [36m[1m[vite][22m[39m [32mpage reload [39m[2mdist/index.html[22m
[2m11:33:23 PM[22m [36m[1m[vite][22m[39m [32mhmr update [39m[2m/src/components/TripWorkspace.jsx, /src/index.css[22m
[2m11:33:42 PM[22m [36m[1m[vite][22m[39m [32mhmr update [39m[2m/src/components/WeatherCards.jsx, /src/index.css[22m
[2m11:33:49 PM[22m [36m[1m[vite][22m[39m [32mhmr update [39m[2m/src/components/PlacesMap.jsx, /src/index.css[22m
[2m11:33:59 PM[22m [36m[1m[vite][22m[39m [32mpage reload [39m[2mdist/index.html[22m
[2m11:33:59 PM[22m [36m[1m[vite][22m[39m [32mpage reload [39m[2mdist/index.html[22m
[2m11:50:18 PM[22m [36m[1m[vite][22m[39m [32mhmr update [39m[2m/src/pages/MyTrips.jsx, /src/index.css[22m
[2m11:51:52 PM[22m [36m[1m[vite][22m[39m [32mhmr update [39m[2m/src/pages/MyTrips.jsx, /src/index.css[22m
[2m11:52:02 PM[22m [36m[1m[vite][22m[39m [32mpage reload [39m[2mdist/index.html[22m
[2m11:52:03 PM[22m [36m[1m[vite][22m[39m [32mpage reload [39m[2mdist/index.html[22m
[2m12:11:48 AM[22m [36m[1m[vite][22m[39m [32mhmr update [39m[2m/src/pages/MyTrips.jsx, /src/index.css[22m
[2m12:11:48 AM[22m [36m[1m[vite][22m[39m [32mhmr update [39m[2m/src/components/TripCard.jsx, /src/index.css[22m
[2m12:12:00 AM[22m [36m[1m[vite][22m[39m [32mpage reload [39m[2mdist/index.html[22m
[2m12:12:00 AM[22m [36m[1m[vite][22m[39m [32mpage reload [39m[2mdist/index.html[22m
[2m12:14:23 AM[22m [36m[1m[vite][22m[39m [32mhmr update [39m[2m/src/components/TripWorkspace.jsx, /src/index.css[22m
[2m12:14:34 AM[22m [36m[1m[vite][22m[39m [32mpage reload [39m[2mdist/index.html[22m
[2m12:14:35 AM[22m [36m[1m[vite][22m[39m [32mpage reload [39m[2mdist/index.html[22m
[2m12:26:17 AM[22m [36m[1m[vite][22m[39m [32mhmr update [39m[2m/src/components/TripWorkspace.jsx, /src/index.css[22m
[2m12:26:30 AM[22m [36m[1m[vite][22m[39m [32mpage reload [39m[2mdist/index.html[22m
[2m12:26:30 AM[22m [36m[1m[vite][22m[39m [32mpage reload [39m[2mdist/index.html[22m
[2m12:28:10 AM[22m [36m[1m[vite][22m[39m [32mhmr update [39m[2m/src/components/TripWorkspace.jsx, /src/index.css[22m
[2m12:28:24 AM[22m [36m[1m[vite][22m[39m [32mpage reload [39m[2mdist/index.html[22m
[2m12:28:25 AM[22m [36m[1m[vite][22m[39m [32mpage reload [39m[2mdist/index.html[22m
[2m12:30:00 AM[22m [36m[1m[vite][22m[39m [32mhmr update [39m[2m/src/components/TripWorkspace.jsx, /src/index.css[22m
[2m12:30:11 AM[22m [36m[1m[vite][22m[39m [32mpage reload [39m[2mdist/index.html[22m
[2m12:30:11 AM[22m [36m[1m[vite][22m[39m [32mpage reload [39m[2mdist/index.html[22m
[2m12:40:37 AM[22m [36m[1m[vite][22m[39m [32mhmr update [39m[2m/src/components/TripWorkspace.jsx, /src/index.css[22m
[2m12:40:50 AM[22m [36m[1m[vite][22m[39m [32mhmr update [39m[2m/src/components/TripWorkspace.jsx, /src/index.css[22m
[2m12:41:34 AM[22m [36m[1m[vite][22m[39m [32mhmr update [39m[2m/src/components/TripWorkspace.jsx, /src/index.css[22m
[2m12:41:43 AM[22m [36m[1m[vite][22m[39m [32mhmr update [39m[2m/src/components/TripWorkspace.jsx, /src/index.css[22m
[2m12:42:16 AM[22m [36m[1m[vite][22m[39m [32mhmr update [39m[2m/src/components/TripWorkspace.jsx, /src/index.css[22m
[2m12:42:47 AM[22m [36m[1m[vite][22m[39m [32mpage reload [39m[2mdist/index.html[22m
[2m12:42:48 AM[22m [36m[1m[vite][22m[39m [32mpage reload [39m[2mdist/index.html[22m
[2m12:54:09 AM[22m [36m[1m[vite][22m[39m [32mhmr update [39m[2m/src/components/TripWorkspace.jsx, /src/index.css[22m
[2m12:54:21 AM[22m [36m[1m[vite][22m[39m [32mpage reload [39m[2mdist/index.html[22m
[2m12:54:21 AM[22m [36m[1m[vite][22m[39m [32mpage reload [39m[2mdist/index.html[22m
