node:internal/fs/utils:351
    throw err;
    ^

Error: EPERM: operation not permitted, lstat 'C:\Users\hp'
    at Object.realpathSync (node:fs:2655:7)
    at toRealPath (node:internal/modules/helpers:56:13)
    at Module._findPath (node:internal/modules/cjs/loader:687:22)
    at resolveMainPath (node:internal/modules/run_main:25:23)
    at Function.executeUserEntryPoint [as runMain] (node:internal/modules/run_main:121:24)
    at node:internal/main/run_main_module:28:49 {
  errno: -4048,
  syscall: 'lstat',
  code: 'EPERM',
  path: 'C:\\Users\\hp'
}

Node.js v18.19.0
node:internal/fs/utils:351
    throw err;
    ^

Error: EPERM: operation not permitted, lstat 'C:\Users\hp'
    at Object.realpathSync (node:fs:2655:7)
    at toRealPath (node:internal/modules/helpers:56:13)
    at Module._findPath (node:internal/modules/cjs/loader:687:22)
    at resolveMainPath (node:internal/modules/run_main:25:23)
    at Function.executeUserEntryPoint [as runMain] (node:internal/modules/run_main:121:24)
    at node:internal/main/run_main_module:28:49 {
  errno: -4048,
  syscall: 'lstat',
  code: 'EPERM',
  path: 'C:\\Users\\hp'
}

Node.js v18.19.0
